Auto-commit: Wed Apr  2 20:08:51 UTC 2025
Auto-commit: Thu Apr  3 00:38:04 UTC 2025
Auto-commit: Thu Apr  3 05:08:26 UTC 2025
Auto-commit: Thu Apr  3 10:08:44 UTC 2025
Auto-commit: Thu Apr  3 15:08:00 UTC 2025
Auto-commit: Thu Apr  3 20:08:47 UTC 2025
Auto-commit: Fri Apr  4 00:38:16 UTC 2025
Auto-commit: Fri Apr  4 05:08:20 UTC 2025
Auto-commit: Fri Apr  4 10:08:24 UTC 2025
Auto-commit: Fri Apr  4 15:07:56 UTC 2025
Auto-commit: Fri Apr  4 20:08:39 UTC 2025
Auto-commit: Sat Apr  5 00:37:26 UTC 2025
Auto-commit: Sat Apr  5 05:07:43 UTC 2025
Auto-commit: Sat Apr  5 10:01:29 UTC 2025
Auto-commit: Sat Apr  5 15:06:35 UTC 2025
Auto-commit: Sat Apr  5 20:07:39 UTC 2025
Auto-commit: Sun Apr  6 00:41:29 UTC 2025
Auto-commit: Sun Apr  6 05:07:26 UTC 2025
Auto-commit: Sun Apr  6 10:07:55 UTC 2025
Auto-commit: Sun Apr  6 15:05:25 UTC 2025
